WARNING:root:-----------auto_scaling------------
WARNING:root:valid_instances_id:['i-07d61618dd9af25d3', 'i-03f0944d51876b9bb']
WARNING:root:[[1584244980000, 1.33333333333333], [1584245040000, 0.333333333333332], [1584245100000, 0.166666666666666], [1584245160000, 0.166666666666669], [1584245220000, 0.333333333333332], [1584245280000, 0.166666666666666], [1584245340000, 0.166666666666666], [1584245400000, 0.333333333333335]]
WARNING:root:[[1584244920000, 17.28813559322], [1584244980000, 19.1803278688529], [1584245040000, 13.7288135593219], [1584245100000, 13.1666666666668], [1584245160000, 13.4426229508194], [1584245220000, 11.6666666666667], [1584245280000, 11.6949152542374], [1584245340000, 13.4426229508194], [1584245400000, 21.1864406779661]]
WARNING:root:<AutoScalingConfig 207>
WARNING:root:9.310734463276665
WARNING:root:2020-03-15 00:12:01.176594 shrink workers: [True, 'Success', [[True, '']]]
WARNING:root:-----------auto_scaling------------
WARNING:root:valid_instances_id:['i-03f0944d51876b9bb']
WARNING:root:[[1584244980000, 19.1803278688529], [1584245040000, 13.7288135593219], [1584245100000, 13.1666666666668], [1584245160000, 13.4426229508194], [1584245220000, 11.6666666666667], [1584245280000, 11.6949152542374], [1584245340000, 13.4426229508194], [1584245400000, 21.1864406779661], [1584245460000, 31.475409836066]]
WARNING:root:<AutoScalingConfig 207>
WARNING:root:19.1803278688529
WARNING:root:2020-03-15 00:13:03.270618 nothing change
WARNING:root:-----------auto_scaling------------
WARNING:root:valid_instances_id:['i-03f0944d51876b9bb']
WARNING:root:[[1584245040000, 13.7288135593219], [1584245100000, 13.1666666666668], [1584245160000, 13.4426229508194], [1584245220000, 11.6666666666667], [1584245280000, 11.6949152542374], [1584245340000, 13.4426229508194], [1584245400000, 21.1864406779661], [1584245460000, 31.475409836066], [1584245520000, 30.6666666666661]]
WARNING:root:<AutoScalingConfig 207>
WARNING:root:13.7288135593219
WARNING:root:2020-03-15 00:14:03.916080 shrink workers: [True, 'Success', []]
WARNING:root:-----------auto_scaling------------
WARNING:root:valid_instances_id:['i-03f0944d51876b9bb']
WARNING:root:[[1584245100000, 13.1666666666668], [1584245160000, 13.4426229508194], [1584245220000, 11.6666666666667], [1584245280000, 11.6949152542374], [1584245340000, 13.4426229508194], [1584245400000, 21.1864406779661], [1584245460000, 31.475409836066], [1584245520000, 30.6666666666661], [1584245580000, 31.1666666666671]]
WARNING:root:<AutoScalingConfig 207>
WARNING:root:13.1666666666668
WARNING:root:2020-03-15 00:15:04.616404 shrink workers: [True, 'Success', []]
WARNING:root:-----------auto_scaling------------
WARNING:root:valid_instances_id:['i-03f0944d51876b9bb']
WARNING:root:[[1584245160000, 13.4426229508194], [1584245220000, 11.6666666666667], [1584245280000, 11.6949152542374], [1584245340000, 13.4426229508194], [1584245400000, 21.1864406779661], [1584245460000, 31.475409836066], [1584245520000, 30.6666666666661], [1584245580000, 31.1666666666671], [1584245640000, 34.4067796610165]]
WARNING:root:<AutoScalingConfig 207>
WARNING:root:13.4426229508194
WARNING:root:2020-03-15 00:16:05.256696 shrink workers: [True, 'Success', []]
WARNING:root:-----------auto_scaling------------
WARNING:root:valid_instances_id:['i-03f0944d51876b9bb']
WARNING:root:[[1584245220000, 11.6666666666667], [1584245280000, 11.6949152542374], [1584245340000, 13.4426229508194], [1584245400000, 21.1864406779661], [1584245460000, 31.475409836066], [1584245520000, 30.6666666666661], [1584245580000, 31.1666666666671], [1584245640000, 34.4067796610165], [1584245700000, 34.5901639344268]]
WARNING:root:<AutoScalingConfig 207>
WARNING:root:11.6666666666667
WARNING:root:2020-03-15 00:17:06.002015 shrink workers: [True, 'Success', []]
WARNING:root:-----------auto_scaling------------
WARNING:root:valid_instances_id:['i-03f0944d51876b9bb']
WARNING:root:[[1584245280000, 11.6949152542374], [1584245340000, 13.4426229508194], [1584245400000, 21.1864406779661], [1584245460000, 31.475409836066], [1584245520000, 30.6666666666661], [1584245580000, 31.1666666666671], [1584245640000, 34.4067796610165], [1584245700000, 34.5901639344268], [1584245760000, 36.9491525423724]]
WARNING:root:<AutoScalingConfig 207>
WARNING:root:11.6949152542374
WARNING:root:2020-03-15 00:18:06.810671 shrink workers: [True, 'Success', []]
WARNING:root:-----------auto_scaling------------
WARNING:root:valid_instances_id:['i-03f0944d51876b9bb']
WARNING:root:[[1584245340000, 13.4426229508194], [1584245400000, 21.1864406779661], [1584245460000, 31.475409836066], [1584245520000, 30.6666666666661], [1584245580000, 31.1666666666671], [1584245640000, 34.4067796610165], [1584245700000, 34.5901639344268], [1584245760000, 36.9491525423724], [1584245820000, 42.6666666666665]]
WARNING:root:<AutoScalingConfig 207>
WARNING:root:13.4426229508194
WARNING:root:2020-03-15 00:19:07.642513 shrink workers: [True, 'Success', []]
WARNING:root:-----------auto_scaling------------
WARNING:root:valid_instances_id:['i-03f0944d51876b9bb']
WARNING:root:[[1584245400000, 21.1864406779661], [1584245460000, 31.475409836066], [1584245520000, 30.6666666666661], [1584245580000, 31.1666666666671], [1584245640000, 34.4067796610165], [1584245700000, 34.5901639344268], [1584245760000, 36.9491525423724], [1584245820000, 42.6666666666665], [1584245880000, 41.9672131147547]]
WARNING:root:<AutoScalingConfig 207>
WARNING:root:21.1864406779661
WARNING:root:2020-03-15 00:20:08.433942 nothing change
WARNING:root:-----------auto_scaling------------
WARNING:root:valid_instances_id:['i-03f0944d51876b9bb']
WARNING:root:[[1584245460000, 31.475409836066], [1584245520000, 30.6666666666661], [1584245580000, 31.1666666666671], [1584245640000, 34.4067796610165], [1584245700000, 34.5901639344268], [1584245760000, 36.9491525423724], [1584245820000, 42.6666666666665], [1584245880000, 41.9672131147547], [1584245940000, 42.5]]
WARNING:root:<AutoScalingConfig 207>
WARNING:root:31.475409836066
WARNING:root:2020-03-15 00:21:09.253789 grow workers: [200]
WARNING:root:-----------auto_scaling------------
WARNING:root:valid_instances_id:['i-07d61618dd9af25d3', 'i-03f0944d51876b9bb']
WARNING:root:[]
WARNING:root:[[1584245520000, 30.6666666666661], [1584245580000, 31.1666666666671], [1584245640000, 34.4067796610165], [1584245700000, 34.5901639344268], [1584245760000, 36.9491525423724], [1584245820000, 42.6666666666665], [1584245880000, 41.9672131147547], [1584245940000, 42.5], [1584246000000, 42.7118644067794], [1584246060000, 39.0163934426232]]
WARNING:root:<AutoScalingConfig 207>
WARNING:root:15.33333333333305
WARNING:root:2020-03-15 00:22:26.152997 nothing change
WARNING:root:-----------auto_scaling------------
WARNING:root:valid_instances_id:['i-07d61618dd9af25d3', 'i-03f0944d51876b9bb']
WARNING:root:[]
WARNING:root:[[1584245580000, 31.1666666666671], [1584245640000, 34.4067796610165], [1584245700000, 34.5901639344268], [1584245760000, 36.9491525423724], [1584245820000, 42.6666666666665], [1584245880000, 41.9672131147547], [1584245940000, 42.5], [1584246000000, 42.7118644067794], [1584246060000, 39.0163934426232], [1584246120000, 42.0338983050843]]
WARNING:root:<AutoScalingConfig 207>
WARNING:root:15.58333333333355
WARNING:root:2020-03-15 00:23:27.168773 nothing change
WARNING:root:-----------auto_scaling------------
WARNING:root:valid_instances_id:['i-07d61618dd9af25d3', 'i-03f0944d51876b9bb']
WARNING:root:[[1584246120000, 0.508474576271188]]
WARNING:root:[[1584245640000, 34.4067796610165], [1584245700000, 34.5901639344268], [1584245760000, 36.9491525423724], [1584245820000, 42.6666666666665], [1584245880000, 41.9672131147547], [1584245940000, 42.5], [1584246000000, 42.7118644067794], [1584246060000, 39.0163934426232], [1584246120000, 42.0338983050843], [1584246180000, 39.1803278688526]]
WARNING:root:<AutoScalingConfig 207>
WARNING:root:17.457627118643845
WARNING:root:2020-03-15 00:24:28.170722 nothing change
WARNING:root:-----------auto_scaling------------
WARNING:root:valid_instances_id:['i-07d61618dd9af25d3', 'i-03f0944d51876b9bb']
WARNING:root:[[1584246120000, 0.508474576271188], [1584246180000, 0.166666666666666]]
WARNING:root:[[1584245700000, 34.5901639344268], [1584245760000, 36.9491525423724], [1584245820000, 42.6666666666665], [1584245880000, 41.9672131147547], [1584245940000, 42.5], [1584246000000, 42.7118644067794], [1584246060000, 39.0163934426232], [1584246120000, 42.0338983050843], [1584246180000, 39.1803278688526], [1584246240000, 39.0000000000001]]
WARNING:root:<AutoScalingConfig 207>
WARNING:root:17.549319255348994
WARNING:root:2020-03-15 00:25:29.667730 nothing change
WARNING:root:-----------auto_scaling------------
WARNING:root:valid_instances_id:['i-07d61618dd9af25d3', 'i-03f0944d51876b9bb']
WARNING:root:[[1584246120000, 0.508474576271188], [1584246180000, 0.166666666666666], [1584246240000, 0.163934426229508]]
WARNING:root:[[1584245760000, 36.9491525423724], [1584245820000, 42.6666666666665], [1584245880000, 41.9672131147547], [1584245940000, 42.5], [1584246000000, 42.7118644067794], [1584246060000, 39.0163934426232], [1584246120000, 42.0338983050843], [1584246180000, 39.1803278688526], [1584246240000, 39.0000000000001], [1584246300000, 42.6666666666665]]
WARNING:root:<AutoScalingConfig 207>
WARNING:root:18.728813559321797
WARNING:root:2020-03-15 00:26:31.377989 nothing change
WARNING:root:-----------auto_scaling------------
WARNING:root:valid_instances_id:['i-07d61618dd9af25d3', 'i-03f0944d51876b9bb']
WARNING:root:[[1584246120000, 0.508474576271188], [1584246180000, 0.166666666666666], [1584246240000, 0.163934426229508], [1584246300000, 0.166666666666666]]
WARNING:root:[[1584245820000, 42.6666666666665], [1584245880000, 41.9672131147547], [1584245940000, 42.5], [1584246000000, 42.7118644067794], [1584246060000, 39.0163934426232], [1584246120000, 42.0338983050843], [1584246180000, 39.1803278688526], [1584246240000, 39.0000000000001], [1584246300000, 42.6666666666665], [1584246360000, 34.5762711864408]]
WARNING:root:<AutoScalingConfig 207>
WARNING:root:21.587570621468846
WARNING:root:2020-03-15 00:27:33.286983 nothing change
WARNING:root:-----------auto_scaling------------
WARNING:root:valid_instances_id:['i-07d61618dd9af25d3', 'i-03f0944d51876b9bb']
WARNING:root:[[1584246120000, 0.508474576271188], [1584246180000, 0.166666666666666], [1584246240000, 0.163934426229508], [1584246300000, 0.166666666666666], [1584246360000, 0.333333333333335]]
WARNING:root:[[1584245880000, 41.9672131147547], [1584245940000, 42.5], [1584246000000, 42.7118644067794], [1584246060000, 39.0163934426232], [1584246120000, 42.0338983050843], [1584246180000, 39.1803278688526], [1584246240000, 39.0000000000001], [1584246300000, 42.6666666666665], [1584246360000, 34.5762711864408], [1584246420000, 0.163934426229359]]
WARNING:root:<AutoScalingConfig 207>
WARNING:root:21.237843845512945
WARNING:root:2020-03-15 00:28:34.264069 nothing change
WARNING:root:-----------auto_scaling------------
WARNING:root:valid_instances_id:['i-07d61618dd9af25d3', 'i-03f0944d51876b9bb']
WARNING:root:[[1584246120000, 0.508474576271188], [1584246180000, 0.166666666666666], [1584246240000, 0.163934426229508], [1584246300000, 0.166666666666666], [1584246360000, 0.333333333333335], [1584246420000, 0.166666666666666]]
WARNING:root:[[1584245940000, 42.5], [1584246000000, 42.7118644067794], [1584246060000, 39.0163934426232], [1584246120000, 42.0338983050843], [1584246180000, 39.1803278688526], [1584246240000, 39.0000000000001], [1584246300000, 42.6666666666665], [1584246360000, 34.5762711864408], [1584246420000, 0.163934426229359], [1584246480000, 0.169491525423575]]
WARNING:root:<AutoScalingConfig 207>
WARNING:root:21.504237288135595
WARNING:root:2020-03-15 00:29:35.026098 nothing change
WARNING:root:-----------auto_scaling------------
WARNING:root:valid_instances_id:['i-07d61618dd9af25d3', 'i-03f0944d51876b9bb']
WARNING:root:[[1584246120000, 0.508474576271188], [1584246180000, 0.166666666666666], [1584246240000, 0.163934426229508], [1584246300000, 0.166666666666666], [1584246360000, 0.333333333333335], [1584246420000, 0.166666666666666], [1584246480000, 0.166666666666666]]
WARNING:root:[[1584246000000, 42.7118644067794], [1584246060000, 39.0163934426232], [1584246120000, 42.0338983050843], [1584246180000, 39.1803278688526], [1584246240000, 39.0000000000001], [1584246300000, 42.6666666666665], [1584246360000, 34.5762711864408], [1584246420000, 0.163934426229359], [1584246480000, 0.169491525423575], [1584246540000, 0.166666666666515]]
WARNING:root:<AutoScalingConfig 207>
WARNING:root:21.610169491525294
WARNING:root:2020-03-15 00:30:35.788060 nothing change
WARNING:root:-----------auto_scaling------------
WARNING:root:valid_instances_id:['i-07d61618dd9af25d3', 'i-03f0944d51876b9bb']
WARNING:root:[[1584246120000, 0.508474576271188], [1584246180000, 0.166666666666666], [1584246240000, 0.163934426229508], [1584246300000, 0.166666666666666], [1584246360000, 0.333333333333335], [1584246420000, 0.166666666666666], [1584246480000, 0.166666666666666], [1584246540000, 0.166666666666666]]
WARNING:root:[[1584246060000, 39.0163934426232], [1584246120000, 42.0338983050843], [1584246180000, 39.1803278688526], [1584246240000, 39.0000000000001], [1584246300000, 42.6666666666665], [1584246360000, 34.5762711864408], [1584246420000, 0.163934426229359], [1584246480000, 0.169491525423575], [1584246540000, 0.166666666666515], [1584246600000, 0.166666666667273]]
WARNING:root:<AutoScalingConfig 207>
WARNING:root:19.762434009447194
WARNING:root:2020-03-15 00:31:36.502195 nothing change
WARNING:root:-----------auto_scaling------------
WARNING:root:valid_instances_id:['i-07d61618dd9af25d3', 'i-03f0944d51876b9bb']
WARNING:root:[[1584246120000, 0.508474576271188], [1584246180000, 0.166666666666666], [1584246240000, 0.163934426229508], [1584246300000, 0.166666666666666], [1584246360000, 0.333333333333335], [1584246420000, 0.166666666666666], [1584246480000, 0.166666666666666], [1584246540000, 0.166666666666666], [1584246600000, 0.333333333333335]]
WARNING:root:[[1584246120000, 42.0338983050843], [1584246180000, 39.1803278688526], [1584246240000, 39.0000000000001], [1584246300000, 42.6666666666665], [1584246360000, 34.5762711864408], [1584246420000, 0.163934426229359], [1584246480000, 0.169491525423575], [1584246540000, 0.166666666666515], [1584246600000, 0.166666666667273], [1584246660000, 0.166666666666515]]
WARNING:root:<AutoScalingConfig 207>
WARNING:root:21.271186440677745
WARNING:root:2020-03-15 00:32:37.328198 nothing change
WARNING:root:-----------auto_scaling------------
WARNING:root:valid_instances_id:['i-07d61618dd9af25d3', 'i-03f0944d51876b9bb']
WARNING:root:[[1584246180000, 0.166666666666666], [1584246240000, 0.163934426229508], [1584246300000, 0.166666666666666], [1584246360000, 0.333333333333335], [1584246420000, 0.166666666666666], [1584246480000, 0.166666666666666], [1584246540000, 0.166666666666666], [1584246600000, 0.333333333333335], [1584246660000, 7.16666666666667]]
WARNING:root:[[1584246180000, 39.1803278688526], [1584246240000, 39.0000000000001], [1584246300000, 42.6666666666665], [1584246360000, 34.5762711864408], [1584246420000, 0.163934426229359], [1584246480000, 0.169491525423575], [1584246540000, 0.166666666666515], [1584246600000, 0.166666666667273], [1584246660000, 0.166666666666515], [1584246720000, 0.166666666666515]]
WARNING:root:<AutoScalingConfig 207>
WARNING:root:19.673497267759632
WARNING:root:2020-03-15 00:33:38.322161 nothing change
WARNING:root:-----------auto_scaling------------
WARNING:root:valid_instances_id:['i-07d61618dd9af25d3', 'i-03f0944d51876b9bb']
WARNING:root:[[1584246240000, 0.163934426229508], [1584246300000, 0.166666666666666], [1584246360000, 0.333333333333335], [1584246420000, 0.166666666666666], [1584246480000, 0.166666666666666], [1584246540000, 0.166666666666666], [1584246600000, 0.333333333333335], [1584246660000, 7.16666666666667], [1584246720000, 23.7704918032787]]
WARNING:root:[[1584246240000, 39.0000000000001], [1584246300000, 42.6666666666665], [1584246360000, 34.5762711864408], [1584246420000, 0.163934426229359], [1584246480000, 0.169491525423575], [1584246540000, 0.166666666666515], [1584246600000, 0.166666666667273], [1584246660000, 0.166666666666515], [1584246720000, 0.166666666666515], [1584246780000, 0.166666666666515]]
WARNING:root:<AutoScalingConfig 207>
WARNING:root:19.581967213114805
WARNING:root:2020-03-15 00:34:39.265204 nothing change
WARNING:root:-----------auto_scaling------------
WARNING:root:valid_instances_id:['i-07d61618dd9af25d3', 'i-03f0944d51876b9bb']
WARNING:root:[[1584246300000, 0.166666666666666], [1584246360000, 0.333333333333335], [1584246420000, 0.166666666666666], [1584246480000, 0.166666666666666], [1584246540000, 0.166666666666666], [1584246600000, 0.333333333333335], [1584246660000, 7.16666666666667], [1584246720000, 23.7704918032787], [1584246780000, 24.2372881355932]]
WARNING:root:[[1584246300000, 42.6666666666665], [1584246360000, 34.5762711864408], [1584246420000, 0.163934426229359], [1584246480000, 0.169491525423575], [1584246540000, 0.166666666666515], [1584246600000, 0.166666666667273], [1584246660000, 0.166666666666515], [1584246720000, 0.166666666666515], [1584246780000, 0.166666666666515], [1584246840000, 0.166666666666515]]
WARNING:root:<AutoScalingConfig 207>
WARNING:root:21.416666666666583
WARNING:root:2020-03-15 00:35:40.243123 nothing change
WARNING:root:-----------auto_scaling------------
WARNING:root:valid_instances_id:['i-07d61618dd9af25d3', 'i-03f0944d51876b9bb']
WARNING:root:[[1584246360000, 0.333333333333335], [1584246420000, 0.166666666666666], [1584246480000, 0.166666666666666], [1584246540000, 0.166666666666666], [1584246600000, 0.333333333333335], [1584246660000, 7.16666666666667], [1584246720000, 23.7704918032787], [1584246780000, 24.2372881355932], [1584246840000, 23.8333333333333]]
WARNING:root:[[1584246360000, 34.5762711864408], [1584246420000, 0.163934426229359], [1584246480000, 0.169491525423575], [1584246540000, 0.166666666666515], [1584246600000, 0.166666666667273], [1584246660000, 0.166666666666515], [1584246720000, 0.166666666666515], [1584246780000, 0.166666666666515], [1584246840000, 0.166666666666515], [1584246900000, 0.166666666667273]]
WARNING:root:<AutoScalingConfig 207>
WARNING:root:17.454802259887067
WARNING:root:2020-03-15 00:36:41.244177 nothing change
WARNING:root:-----------auto_scaling------------
WARNING:root:valid_instances_id:['i-07d61618dd9af25d3', 'i-03f0944d51876b9bb']
WARNING:root:[[1584246420000, 0.166666666666666], [1584246480000, 0.166666666666666], [1584246540000, 0.166666666666666], [1584246600000, 0.333333333333335], [1584246660000, 7.16666666666667], [1584246720000, 23.7704918032787], [1584246780000, 24.2372881355932], [1584246840000, 23.8333333333333], [1584246900000, 24.0677966101695]]
WARNING:root:[[1584246420000, 0.163934426229359], [1584246480000, 0.169491525423575], [1584246540000, 0.166666666666515], [1584246600000, 0.166666666667273], [1584246660000, 0.166666666666515], [1584246720000, 0.166666666666515], [1584246780000, 0.166666666666515], [1584246840000, 0.166666666666515], [1584246900000, 0.166666666667273], [1584246960000, 0.166666666666515]]
WARNING:root:<AutoScalingConfig 207>
WARNING:root:0.1653005464480125
WARNING:root:2020-03-15 00:37:42.171389 shrink workers: [True, 'Success', [[True, '']]]
WARNING:root:-----------auto_scaling------------
WARNING:root:valid_instances_id:['i-03f0944d51876b9bb']
WARNING:root:[[1584246480000, 0.169491525423575], [1584246540000, 0.166666666666515], [1584246600000, 0.166666666667273], [1584246660000, 0.166666666666515], [1584246720000, 0.166666666666515], [1584246780000, 0.166666666666515], [1584246840000, 0.166666666666515], [1584246900000, 0.166666666667273], [1584246960000, 0.166666666666515], [1584247020000, 0.166666666666515]]
WARNING:root:<AutoScalingConfig 207>
WARNING:root:0.169491525423575
WARNING:root:2020-03-15 00:38:43.701650 shrink workers: [True, 'Success', []]
WARNING:root:-----------auto_scaling------------
WARNING:root:valid_instances_id:['i-03f0944d51876b9bb']
WARNING:root:[[1584247440000, 0.163934426229359], [1584247500000, 0.169491525424345], [1584247560000, 0.0], [1584247620000, 0.166666666666515], [1584247680000, 0.33333333333303], [1584247740000, 0.0], [1584247800000, 0.166666666666515], [1584247860000, 0.166666666667273], [1584247920000, 0.163934426229359], [1584247980000, 0.169491525423575]]
[{'Id': 'i-03f0944d51876b9bb', 'State': 'running'}, {'Id': 'i-07d61618dd9af25d3', 'State': 'stopped'}]
[{'Id': 'i-03f0944d51876b9bb', 'State': 'running'}, {'Id': 'i-07d61618dd9af25d3', 'State': 'stopped'}]
Traceback (most recent call last):
  File "/Users/qzh/Documents/UT/1779 Cloud computing/ece1779-a2-master/manage-app/myvenv/lib/python3.7/site-packages/sqlalchemy/engine/base.py", line 755, in _commit_impl
    self.engine.dialect.do_commit(self.connection)
  File "/Users/qzh/Documents/UT/1779 Cloud computing/ece1779-a2-master/manage-app/myvenv/lib/python3.7/site-packages/sqlalchemy/dialects/mysql/base.py", line 2306, in do_commit
    dbapi_connection.commit()
MySQLdb._exceptions.OperationalError: (2013, 'Lost connection to MySQL server during query')

The above exception was the direct cause of the following exception:

Traceback (most recent call last):
  File "auto_scaling.py", line 83, in <module>
    schedule.run_pending()
  File "/Users/qzh/Documents/UT/1779 Cloud computing/ece1779-a2-master/manage-app/myvenv/lib/python3.7/site-packages/schedule/__init__.py", line 563, in run_pending
    default_scheduler.run_pending()
  File "/Users/qzh/Documents/UT/1779 Cloud computing/ece1779-a2-master/manage-app/myvenv/lib/python3.7/site-packages/schedule/__init__.py", line 94, in run_pending
    self._run_job(job)
  File "/Users/qzh/Documents/UT/1779 Cloud computing/ece1779-a2-master/manage-app/myvenv/lib/python3.7/site-packages/schedule/__init__.py", line 147, in _run_job
    ret = job.run()
  File "/Users/qzh/Documents/UT/1779 Cloud computing/ece1779-a2-master/manage-app/myvenv/lib/python3.7/site-packages/schedule/__init__.py", line 466, in run
    ret = self.job_func()
  File "auto_scaling.py", line 43, in auto_scaling
    db.session.commit()
  File "/Users/qzh/Documents/UT/1779 Cloud computing/ece1779-a2-master/manage-app/myvenv/lib/python3.7/site-packages/sqlalchemy/orm/scoping.py", line 162, in do
    return getattr(self.registry(), name)(*args, **kwargs)
  File "/Users/qzh/Documents/UT/1779 Cloud computing/ece1779-a2-master/manage-app/myvenv/lib/python3.7/site-packages/sqlalchemy/orm/session.py", line 1036, in commit
    self.transaction.commit()
  File "/Users/qzh/Documents/UT/1779 Cloud computing/ece1779-a2-master/manage-app/myvenv/lib/python3.7/site-packages/sqlalchemy/orm/session.py", line 507, in commit
    t[1].commit()
  File "/Users/qzh/Documents/UT/1779 Cloud computing/ece1779-a2-master/manage-app/myvenv/lib/python3.7/site-packages/sqlalchemy/engine/base.py", line 1736, in commit
    self._do_commit()
  File "/Users/qzh/Documents/UT/1779 Cloud computing/ece1779-a2-master/manage-app/myvenv/lib/python3.7/site-packages/sqlalchemy/engine/base.py", line 1767, in _do_commit
    self.connection._commit_impl()
  File "/Users/qzh/Documents/UT/1779 Cloud computing/ece1779-a2-master/manage-app/myvenv/lib/python3.7/site-packages/sqlalchemy/engine/base.py", line 757, in _commit_impl
    self._handle_dbapi_exception(e, None, None, None, None)
  File "/Users/qzh/Documents/UT/1779 Cloud computing/ece1779-a2-master/manage-app/myvenv/lib/python3.7/site-packages/sqlalchemy/engine/base.py", line 1482, in _handle_dbapi_exception
    sqlalchemy_exception, with_traceback=exc_info[2], from_=e
  File "/Users/qzh/Documents/UT/1779 Cloud computing/ece1779-a2-master/manage-app/myvenv/lib/python3.7/site-packages/sqlalchemy/util/compat.py", line 178, in raise_
    raise exception
  File "/Users/qzh/Documents/UT/1779 Cloud computing/ece1779-a2-master/manage-app/myvenv/lib/python3.7/site-packages/sqlalchemy/engine/base.py", line 755, in _commit_impl
    self.engine.dialect.do_commit(self.connection)
  File "/Users/qzh/Documents/UT/1779 Cloud computing/ece1779-a2-master/manage-app/myvenv/lib/python3.7/site-packages/sqlalchemy/dialects/mysql/base.py", line 2306, in do_commit
    dbapi_connection.commit()
sqlalchemy.exc.OperationalError: (MySQLdb._exceptions.OperationalError) (2013, 'Lost connection to MySQL server during query')
(Background on this error at: http://sqlalche.me/e/e3q8)
